/Users/lyuda/.rbenv/versions/3.2.2/lib/ruby/gems/3.2.0/gems/bundler-1.17.2/lib/bundler/shared_helpers.rb:272:in `search_up': undefined method `untaint' for "/Users/lyuda/GIT_GROUP/slipchenko-group.github.io":String (NoMethodError)

      current  = File.expand_path(SharedHelpers.pwd).untaint
                                                    ^^^^^^^^
	from /Users/lyuda/.rbenv/versions/3.2.2/lib/ruby/gems/3.2.0/gems/bundler-1.17.2/lib/bundler/shared_helpers.rb:259:in `find_file'
	from /Users/lyuda/.rbenv/versions/3.2.2/lib/ruby/gems/3.2.0/gems/bundler-1.17.2/lib/bundler/shared_helpers.rb:251:in `find_gemfile'
	from /Users/lyuda/.rbenv/versions/3.2.2/lib/ruby/gems/3.2.0/gems/bundler-1.17.2/lib/bundler/shared_helpers.rb:27:in `root'
	from /Users/lyuda/.rbenv/versions/3.2.2/lib/ruby/gems/3.2.0/gems/bundler-1.17.2/lib/bundler.rb:234:in `root'
	from /Users/lyuda/.rbenv/versions/3.2.2/lib/ruby/gems/3.2.0/gems/bundler-1.17.2/lib/bundler.rb:246:in `app_config_path'
	from /Users/lyuda/.rbenv/versions/3.2.2/lib/ruby/gems/3.2.0/gems/bundler-1.17.2/lib/bundler.rb:273:in `settings'
	from /Users/lyuda/.rbenv/versions/3.2.2/lib/ruby/gems/3.2.0/gems/bundler-1.17.2/lib/bundler/feature_flag.rb:21:in `block in settings_method'
	from /Users/lyuda/.rbenv/versions/3.2.2/lib/ruby/gems/3.2.0/gems/bundler-1.17.2/lib/bundler/cli.rb:97:in `<class:CLI>'
	from /Users/lyuda/.rbenv/versions/3.2.2/lib/ruby/gems/3.2.0/gems/bundler-1.17.2/lib/bundler/cli.rb:7:in `<module:Bundler>'
	from /Users/lyuda/.rbenv/versions/3.2.2/lib/ruby/gems/3.2.0/gems/bundler-1.17.2/lib/bundler/cli.rb:6:in `<top (required)>'
	from <internal:/Users/lyuda/.rbenv/versions/3.2.2/lib/ruby/3.2.0/rubygems/core_ext/kernel_require.rb>:85:in `require'
	from <internal:/Users/lyuda/.rbenv/versions/3.2.2/lib/ruby/3.2.0/rubygems/core_ext/kernel_require.rb>:85:in `require'
	from /Users/lyuda/.rbenv/versions/3.2.2/lib/ruby/gems/3.2.0/gems/bundler-1.17.2/exe/bundle:23:in `block in <top (required)>'
	from /Users/lyuda/.rbenv/versions/3.2.2/lib/ruby/gems/3.2.0/gems/bundler-1.17.2/lib/bundler/friendly_errors.rb:124:in `with_friendly_errors'
	from /Users/lyuda/.rbenv/versions/3.2.2/lib/ruby/gems/3.2.0/gems/bundler-1.17.2/exe/bundle:22:in `<top (required)>'
	from /Users/lyuda/.rbenv/versions/3.2.2/bin/bundle:25:in `load'
	from /Users/lyuda/.rbenv/versions/3.2.2/bin/bundle:25:in `<main>'
